<?xml version="1.0" encoding="UTF-8"?>
<testng-results retried="1" ignored="0" total="6" passed="4" failed="1" skipped="0">
  <reporter-output>
  </reporter-output>
  <suite started-at="2023-07-30T13:12:56 BST" name="All Test Suite" finished-at="2023-07-30T13:13:13 BST" duration-ms="16746">
    <groups>
    </groups>
    <test started-at="2023-07-30T13:12:56 BST" name="C:/Users/Me/Desktop/SolomonsSeleniunProject/src/test/java/org/TestCases" finished-at="2023-07-30T13:13:13 BST" duration-ms="16746">
      <class name="org.TestCases.footerTest">
        <test-method is-config="true" signature="launchApplication()[pri:0, instance:org.TestCases.footerTest@135606db]" started-at="2023-07-30T13:12:56 BST" name="launchApplication" finished-at="2023-07-30T13:13:05 BST" duration-ms="8820" status="PASS">
          <reporter-output>
          </reporter-output>
        </test-method> <!-- launchApplication -->
        <test-method signature="footerRunner()[pri:0, instance:org.TestCases.footerTest@135606db]" started-at="2023-07-30T13:13:05 BST" name="footerRunner" finished-at="2023-07-30T13:13:07 BST" duration-ms="2335" status="PASS">
          <reporter-output>
          </reporter-output>
        </test-method> <!-- footerRunner -->
        <test-method is-config="true" signature="tearDown()[pri:0, instance:org.TestCases.footerTest@135606db]" started-at="2023-07-30T13:13:07 BST" name="tearDown" finished-at="2023-07-30T13:13:08 BST" duration-ms="312" status="PASS">
          <reporter-output>
          </reporter-output>
        </test-method> <!-- tearDown -->
      </class> <!-- org.TestCases.footerTest -->
      <class name="org.TestCases.SubmenuTest">
        <test-method is-config="true" signature="launchApplication()[pri:0, instance:org.TestCases.SubmenuTest@45ac5f9b]" started-at="2023-07-30T13:12:56 BST" name="launchApplication" finished-at="2023-07-30T13:13:02 BST" duration-ms="5658" status="PASS">
          <reporter-output>
          </reporter-output>
        </test-method> <!-- launchApplication -->
        <test-method signature="submenuRunner()[pri:0, instance:org.TestCases.SubmenuTest@45ac5f9b]" started-at="2023-07-30T13:13:02 BST" name="submenuRunner" finished-at="2023-07-30T13:13:13 BST" duration-ms="10944" status="PASS">
          <reporter-output>
          </reporter-output>
        </test-method> <!-- submenuRunner -->
        <test-method is-config="true" signature="tearDown()[pri:0, instance:org.TestCases.SubmenuTest@45ac5f9b]" started-at="2023-07-30T13:13:13 BST" name="tearDown" finished-at="2023-07-30T13:13:13 BST" duration-ms="109" status="PASS">
          <reporter-output>
          </reporter-output>
        </test-method> <!-- tearDown -->
      </class> <!-- org.TestCases.SubmenuTest -->
      <class name="org.TestCases.LandingPageTest">
        <test-method is-config="true" signature="launchApplication()[pri:0, instance:org.TestCases.LandingPageTest@53b7f657]" started-at="2023-07-30T13:12:56 BST" name="launchApplication" finished-at="2023-07-30T13:13:05 BST" duration-ms="8837" status="PASS">
          <reporter-output>
          </reporter-output>
        </test-method> <!-- launchApplication -->
        <test-method retried="true" signature="landingPageRunner()[pri:0, instance:org.TestCases.LandingPageTest@53b7f657]" started-at="2023-07-30T13:13:05 BST" name="landingPageRunner" finished-at="2023-07-30T13:13:05 BST" duration-ms="394" status="SKIP">
          <exception class="java.lang.AssertionError">
            <message>
              <![CDATA[expected [true] but found [false]]]>
            </message>
            <full-stacktrace>
              <![CDATA[java.lang.AssertionError: expected [true] but found [false]
at org.testng.Assert.fail(Assert.java:110)
at org.testng.Assert.failNotEquals(Assert.java:1413)
at org.testng.Assert.assertTrue(Assert.java:56)
at org.testng.Assert.assertTrue(Assert.java:66)
at org.TestCases.LandingPageTest.landingPageRunner(LandingPageTest.java:18)
at java.base/jdk.internal.reflect.NativeMethodAccessorImpl.invoke0(Native Method)
at java.base/jdk.internal.reflect.NativeMethodAccessorImpl.invoke(NativeMethodAccessorImpl.java:77)
at java.base/jdk.internal.reflect.DelegatingMethodAccessorImpl.invoke(DelegatingMethodAccessorImpl.java:43)
at java.base/java.lang.reflect.Method.invoke(Method.java:568)
at org.testng.internal.invokers.MethodInvocationHelper.invokeMethod(MethodInvocationHelper.java:139)
at org.testng.internal.invokers.TestInvoker.invokeMethod(TestInvoker.java:677)
at org.testng.internal.invokers.TestInvoker.invokeTestMethod(TestInvoker.java:221)
at org.testng.internal.invokers.MethodRunner.runInSequence(MethodRunner.java:50)
at org.testng.internal.invokers.TestInvoker$MethodInvocationAgent.invoke(TestInvoker.java:969)
at org.testng.internal.invokers.TestInvoker.invokeTestMethods(TestInvoker.java:194)
at org.testng.internal.invokers.TestMethodWorker.invokeTestMethods(TestMethodWorker.java:148)
at org.testng.internal.invokers.TestMethodWorker.run(TestMethodWorker.java:128)
at java.base/java.util.concurrent.ThreadPoolExecutor.runWorker(ThreadPoolExecutor.java:1136)
at java.base/java.util.concurrent.ThreadPoolExecutor$Worker.run(ThreadPoolExecutor.java:635)
at java.base/java.lang.Thread.run(Thread.java:833)
]]>
            </full-stacktrace>
          </exception> <!-- java.lang.AssertionError -->
          <reporter-output>
          </reporter-output>
        </test-method> <!-- landingPageRunner -->
        <test-method is-config="true" signature="tearDown()[pri:0, instance:org.TestCases.LandingPageTest@53b7f657]" started-at="2023-07-30T13:13:05 BST" name="tearDown" finished-at="2023-07-30T13:13:06 BST" duration-ms="150" status="PASS">
          <reporter-output>
          </reporter-output>
        </test-method> <!-- tearDown -->
        <test-method is-config="true" signature="launchApplication()[pri:0, instance:org.TestCases.LandingPageTest@53b7f657]" started-at="2023-07-30T13:13:06 BST" name="launchApplication" finished-at="2023-07-30T13:13:08 BST" duration-ms="2201" status="PASS">
          <reporter-output>
          </reporter-output>
        </test-method> <!-- launchApplication -->
        <test-method signature="landingPageRunner()[pri:0, instance:org.TestCases.LandingPageTest@53b7f657]" started-at="2023-07-30T13:13:08 BST" name="landingPageRunner" finished-at="2023-07-30T13:13:08 BST" duration-ms="246" status="FAIL">
          <exception class="java.lang.AssertionError">
            <message>
              <![CDATA[expected [true] but found [false]]]>
            </message>
            <full-stacktrace>
              <![CDATA[java.lang.AssertionError: expected [true] but found [false]
at org.testng.Assert.fail(Assert.java:110)
at org.testng.Assert.failNotEquals(Assert.java:1413)
at org.testng.Assert.assertTrue(Assert.java:56)
at org.testng.Assert.assertTrue(Assert.java:66)
at org.TestCases.LandingPageTest.landingPageRunner(LandingPageTest.java:18)
at java.base/jdk.internal.reflect.NativeMethodAccessorImpl.invoke0(Native Method)
at java.base/jdk.internal.reflect.NativeMethodAccessorImpl.invoke(NativeMethodAccessorImpl.java:77)
at java.base/jdk.internal.reflect.DelegatingMethodAccessorImpl.invoke(DelegatingMethodAccessorImpl.java:43)
at java.base/java.lang.reflect.Method.invoke(Method.java:568)
at org.testng.internal.invokers.MethodInvocationHelper.invokeMethod(MethodInvocationHelper.java:139)
at org.testng.internal.invokers.TestInvoker.invokeMethod(TestInvoker.java:677)
at org.testng.internal.invokers.TestInvoker.retryFailed(TestInvoker.java:263)
at org.testng.internal.invokers.MethodRunner.runInSequence(MethodRunner.java:62)
at org.testng.internal.invokers.TestInvoker$MethodInvocationAgent.invoke(TestInvoker.java:969)
at org.testng.internal.invokers.TestInvoker.invokeTestMethods(TestInvoker.java:194)
at org.testng.internal.invokers.TestMethodWorker.invokeTestMethods(TestMethodWorker.java:148)
at org.testng.internal.invokers.TestMethodWorker.run(TestMethodWorker.java:128)
at java.base/java.util.concurrent.ThreadPoolExecutor.runWorker(ThreadPoolExecutor.java:1136)
at java.base/java.util.concurrent.ThreadPoolExecutor$Worker.run(ThreadPoolExecutor.java:635)
at java.base/java.lang.Thread.run(Thread.java:833)
]]>
            </full-stacktrace>
          </exception> <!-- java.lang.AssertionError -->
          <reporter-output>
          </reporter-output>
        </test-method> <!-- landingPageRunner -->
        <test-method is-config="true" signature="tearDown()[pri:0, instance:org.TestCases.LandingPageTest@53b7f657]" started-at="2023-07-30T13:13:08 BST" name="tearDown" finished-at="2023-07-30T13:13:09 BST" duration-ms="394" status="PASS">
          <reporter-output>
          </reporter-output>
        </test-method> <!-- tearDown -->
      </class> <!-- org.TestCases.LandingPageTest -->
      <class name="org.TestCases.LoginTest">
        <test-method is-config="true" signature="launchApplication()[pri:0, instance:org.TestCases.LoginTest@6d7fc27]" started-at="2023-07-30T13:12:56 BST" name="launchApplication" finished-at="2023-07-30T13:13:05 BST" duration-ms="8619" status="PASS">
          <reporter-output>
          </reporter-output>
        </test-method> <!-- launchApplication -->
        <test-method signature="login(java.util.HashMap)[pri:0, instance:org.TestCases.LoginTest@6d7fc27]" started-at="2023-07-30T13:13:05 BST" name="login" data-provider="getData" finished-at="2023-07-30T13:13:08 BST" duration-ms="2518" status="PASS">
          <params>
            <param index="0">
              <value>
                <![CDATA[{LoginName=webdriverio2, Password=webdriverio2}]]>
              </value>
            </param>
          </params>
          <reporter-output>
          </reporter-output>
        </test-method> <!-- login -->
        <test-method is-config="true" signature="tearDown()[pri:0, instance:org.TestCases.LoginTest@6d7fc27]" started-at="2023-07-30T13:13:08 BST" name="tearDown" finished-at="2023-07-30T13:13:08 BST" duration-ms="107" status="PASS">
          <reporter-output>
          </reporter-output>
        </test-method> <!-- tearDown -->
        <test-method is-config="true" signature="launchApplication()[pri:0, instance:org.TestCases.LoginTest@6d7fc27]" started-at="2023-07-30T13:13:08 BST" name="launchApplication" finished-at="2023-07-30T13:13:09 BST" duration-ms="1706" status="PASS">
          <reporter-output>
          </reporter-output>
        </test-method> <!-- launchApplication -->
        <test-method signature="login(java.util.HashMap)[pri:0, instance:org.TestCases.LoginTest@6d7fc27]" started-at="2023-07-30T13:13:09 BST" name="login" data-provider="getData" finished-at="2023-07-30T13:13:10 BST" duration-ms="945" status="PASS">
          <params>
            <param index="0">
              <value>
                <![CDATA[{LoginName=webdriverio2, Password=setToFail}]]>
              </value>
            </param>
          </params>
          <reporter-output>
          </reporter-output>
        </test-method> <!-- login -->
        <test-method is-config="true" signature="tearDown()[pri:0, instance:org.TestCases.LoginTest@6d7fc27]" started-at="2023-07-30T13:13:10 BST" name="tearDown" finished-at="2023-07-30T13:13:10 BST" duration-ms="115" status="PASS">
          <reporter-output>
          </reporter-output>
        </test-method> <!-- tearDown -->
      </class> <!-- org.TestCases.LoginTest -->
    </test> <!-- C:/Users/Me/Desktop/SolomonsSeleniunProject/src/test/java/org/TestCases -->
  </suite> <!-- All Test Suite -->
</testng-results>
